<order>
<params>
<param name="successor" value=""/>
<param name="predecessor" value="B,D"/>
</params>
<run_time>
</run_time>
</order>
