<order>
<params>
<param name="successor" value="B,C,D"/>
<param name="predecessor" value=""/>
</params>
<run_time>
</run_time>
</order>
